
--- Iniciando conversión de 140 archivos ---
Origen: /mnt/datos_raul/Repos/web-docs/new-docs/.currentWork
Destino: /mnt/datos_raul/Repos/web-docs/new-docs/.currentWork

✅ Convertido: 1-booting-without-of.md
✅ Convertido: 1-boot.md
✅ Convertido: 1-buffer-README.md
✅ Convertido: 1-listRCU.md
✅ Convertido: 1-manInitrd.md
✅ Convertido: 1-netconsole.md
✅ Convertido: 1-of_unittest.md
✅ Convertido: 1-PXE-syslinux.md
✅ Convertido: 1-ring-buffer-design-1.md
✅ Convertido: 1-ring-buffer-design.RST.md
✅ Convertido: 1-usage-model.md
✅ Convertido: 2-dracutMan.md
✅ Convertido: 99-fedoraStationConf.md
✅ Convertido: 99-siglas.md
✅ Convertido: foreShadow.md
✅ Convertido: 1-initrd.md
✅ Convertido: English/2-ring-buffer-design.RST.md
✅ Convertido: English/99-Apermissions-eng.md
✅ Convertido: English/99-revOnLineDOC-eng.md
✅ Convertido: English/dmSetupTODO.md
✅ Convertido: English/gvfs.md
✅ Convertido: English/indiceVms-RedHat.md
✅ Convertido: English/logGA-AX370.md
✅ Convertido: English/setupBD.md
✅ Convertido: Temas/celebres.md
✅ Convertido: Temas/porTema.md
✅ Convertido: Temas/siglas.md
✅ Convertido: Temas/A1-Kernel/kernelIndex.md
✅ Convertido: Temas/A2-Supuestos/Intel-VTd.md
✅ Convertido: Temas/A2-Supuestos/guiaPrincipiantes.md
✅ Convertido: Temas/A2-Supuestos/hypervisor.md
✅ Convertido: Temas/A2-Supuestos/notasHypervisor.md
✅ Convertido: Temas/A3-Certificados-TLS/MiTm.md
✅ Convertido: Temas/A3-Certificados-TLS/apuntesTLS.md
✅ Convertido: Temas/A3-Certificados-TLS/compCA.md
✅ Convertido: Temas/A3-Certificados-TLS/install-CA-territoriolinux.md
✅ Convertido: Temas/A4-SO/cpioHelp.md
✅ Convertido: Temas/A4-SO/manInitrd.md
✅ Convertido: Temas/A5-Hardware/seguido_notas.md
✅ Convertido: Temas/A99-Programacion/LinuxProgramming.md
✅ Convertido: Temas/A99-Programacion/dynamicDBG.md
✅ Convertido: Temas/A99-Programacion/fhaking_object.md
✅ Convertido: Temas/A99-Programacion/memory.md
✅ Convertido: Temas/ISO9660/Ref-ISO.md
✅ Convertido: Temas/ISO9660/gen_iso_joliet.md
✅ Convertido: Temas/Leyes/basico.md
✅ Convertido: Temas/Leyes/ciudadano.md
✅ Convertido: Temas/OfensiveSecurity/mexUn.md
✅ Convertido: Temas/OfensiveSecurity/pentesting.md
✅ Convertido: Temas/Servidor/DyO-Barcerlona.md
✅ Convertido: Temas/Servidor/apache2.md
✅ Convertido: Temas/Servidor/planDeNegocio.md
✅ Convertido: Temas/Servidor/postfix.md
✅ Convertido: Temas/Servidor/vlan_notas.md
✅ Convertido: Temas/A1-Kernel/Acpi/Introduction.md
✅ Convertido: Temas/A1-Kernel/Acpi/acpi.md
✅ Convertido: Temas/A1-Kernel/Acpi/acpiDriver.md
✅ Convertido: Temas/A1-Kernel/Acpi/acpiGPIO.md
✅ Convertido: Temas/A1-Kernel/Acpi/acpiNameSpace.md
✅ Convertido: Temas/A1-Kernel/Acpi/acpiSDT.md
✅ Convertido: Temas/A1-Kernel/Acpi/aml-debugger.md
✅ Convertido: Temas/A1-Kernel/Acpi/debug.md
✅ Convertido: Temas/A1-Kernel/Acpi/irq.md
✅ Convertido: Temas/A1-Kernel/Acpi/notas.md
✅ Convertido: Temas/A1-Kernel/Acpi/spec.md
✅ Convertido: Temas/A1-Kernel/Admin-guide/initrd.md
✅ Convertido: Temas/A1-Kernel/Admin-guide/input.md
✅ Convertido: Temas/A1-Kernel/Admin-guide/kernParam.md
✅ Convertido: Temas/A1-Kernel/Admin-guide/serial-console.md
✅ Convertido: Temas/A1-Kernel/DeviceTree/1-changesets.md
✅ Convertido: Temas/A1-Kernel/DeviceTree/1-device-tree-usage.md
✅ Convertido: Temas/A1-Kernel/DeviceTree/1-dynamic-resolution-notes.md
✅ Convertido: Temas/A1-Kernel/DeviceTree/1-of_unittest.md
✅ Convertido: Temas/A1-Kernel/DeviceTree/1-overlay-notes.md
✅ Convertido: Temas/A1-Kernel/DeviceTree/1-todo.md
✅ Convertido: Temas/A1-Kernel/DeviceTree/1-usage-model.md
✅ Convertido: Temas/A1-Kernel/EarlyUserSpace/1-buffer-format.md
✅ Convertido: Temas/A1-Kernel/EarlyUserSpace/README.md
✅ Convertido: Temas/A1-Kernel/Fpga/0-fpga-region.md
✅ Convertido: Temas/A1-Kernel/Fpga/1-fpga-mgr.md
✅ Convertido: Temas/A1-Kernel/Input/input.md
✅ Convertido: Temas/A1-Kernel/Process/changes.md
✅ Convertido: Temas/A1-Kernel/SistemaFicheros/overlayfs.md
✅ Convertido: Temas/A1-Kernel/SistemaFicheros/rams-rootfs-initramfs.md
✅ Convertido: Temas/A1-Kernel/SistemaFicheros/tmpfs.md
✅ Convertido: Temas/A1-Kernel/x86/1-IO-APIC.md
✅ Convertido: Temas/A1-Kernel/SistemaFicheros/Nfs/nfs.md
✅ Convertido: Temas/A2-Supuestos/Qemu/proto.md
✅ Convertido: Temas/A2-Supuestos/Qemu/qemu_notas.md
❌ Error en Temas/A2-Supuestos/Qemu/qemu_notasOld.md: Pandoc died with exitcode "64" during conversion: Error parsing YAML metadata at "/mnt/datos_raul/Repos/web-docs/new-docs/.currentWork/Temas/A2-Supuestos/Qemu/qemu_notasOld.md" (line 36, column 1):
YAML parse exception at line 9, column 53:
mapping values are not allowed in this context

✅ Convertido: Temas/A2-Supuestos/Xen/PrimerosPasos.md
✅ Convertido: Temas/A3-Certificados-TLS/OpenSSL/OpenSSL-saga.md
✅ Convertido: Temas/A3-Certificados-TLS/TLS-libvirt/1-concepts.md
✅ Convertido: Temas/A3-Certificados-TLS/TLS-libvirt/2-CA.md
✅ Convertido: Temas/A3-Certificados-TLS/TLS-libvirt/3creSerCer.md
✅ Convertido: Temas/A4-SO/ManPages/cpioHelp.md
✅ Convertido: Temas/A4-SO/Systemd/mapa-indice.md
✅ Convertido: Temas/A4-SO/Systemd/systemd-device.md
✅ Convertido: Temas/A4-SO/Systemd/systemd-unit.md
✅ Convertido: Temas/A4-SO/Systemd/systemd.md
✅ Convertido: Temas/A4-SO/Systemd/udev.md
✅ Convertido: Temas/A4-SO/Boot/GestorDeArranque/esquemaInitramfs.md
✅ Convertido: Temas/A4-SO/Boot/GestorDeArranque/esquemaInitrd.md
✅ Convertido: Temas/A4-SO/Boot/GestorDeArranque/init.md
✅ Convertido: Temas/A4-SO/Boot/GestorDeArranque/initrd.md
✅ Convertido: Temas/A4-SO/Boot/Modulos/comandos01.md
✅ Convertido: Temas/A4-SO/Boot/Modulos/debug.md
✅ Convertido: Temas/A4-SO/Boot/Modulos/modules.md
✅ Convertido: Temas/A4-SO/Boot/UEFI-BIOS/refUEFI.md
✅ Convertido: Temas/A5-Hardware/Acpi/Intel-VTd.md
✅ Convertido: Temas/A5-Hardware/Acpi/acpi.md
✅ Convertido: Temas/A5-Hardware/Acpi/acpiDriver.md
✅ Convertido: Temas/A5-Hardware/Acpi/acpiGPIO.md
✅ Convertido: Temas/A5-Hardware/Acpi/acpiGeneral.md
✅ Convertido: Temas/A5-Hardware/Acpi/acpiNameSpace.md
✅ Convertido: Temas/A5-Hardware/Acpi/acpiSDT.md
✅ Convertido: Temas/A5-Hardware/Acpi/acpiStack.md
✅ Convertido: Temas/A5-Hardware/Acpi/irq.md
✅ Convertido: Temas/A5-Hardware/Acpi/notas.md
✅ Convertido: Temas/A5-Hardware/Acpi/revOnLineDOC.md
✅ Convertido: Temas/A5-Hardware/Apm/apm.md
✅ Convertido: Temas/A5-Hardware/DiscoDuro/hd.md
✅ Convertido: Temas/A5-Hardware/DiscoDuro/mbr.md
✅ Convertido: Temas/A5-Hardware/Drivers/hid.md
✅ Convertido: Temas/A5-Hardware/Drivers/xHCI.md
✅ Convertido: Temas/A5-Hardware/Grafica/gpu.md
✅ Convertido: Temas/A5-Hardware/PlacaBase/busISA.md
✅ Convertido: Temas/A5-Hardware/PlacaBase/busNorte.md
✅ Convertido: Temas/A5-Hardware/PlacaBase/busPCI.md
✅ Convertido: Temas/A5-Hardware/PlacaBase/busPCIexpress.md
✅ Convertido: Temas/A5-Hardware/PlacaBase/busSur.md
✅ Convertido: Temas/A5-Hardware/PlacaBase/pciBusBridges.md
✅ Convertido: Temas/A5-Hardware/Procesador/cpu.md
✅ Convertido: Temas/A5-Hardware/Procesador/cpusets.md
✅ Convertido: Temas/A5-Hardware/Procesador/numa.md
✅ Convertido: Temas/A5-Hardware/Procesador/rcu.md
✅ Convertido: Temas/A5-Hardware/Acpi/ACPICA/Introduction.md
✅ Convertido: Temas/A5-Hardware/Acpi/ACPICA/spec.md
✅ Convertido: Temas/Leyes/.Legal/terms.md
✅ Convertido: Temas/Leyes/.Legal/terms2.md

--- Proceso finalizado ---
 (docs-integration)
$> 
